[INFO] 14:56:20 Server starter
[INFO] 15:13:06 Server starter
[INFO] 15:13:47 Server starter
[INFO] 15:22:09 Server starter
[INFO] 15:23:05 Server starter
[INFO] 15:24:03 Server starter
[INFO] 15:31:35 Server starter
[INFO] 15:31:48 Server starter
[INFO] 15:33:37 Server starter
[INFO] 15:34:31 Server starter
[INFO] 15:40:18 Server starter
[INFO] 15:41:10 Server starter
[INFO] 15:43:14 Server starter
[INFO] 16:36:21 Server starter
[INFO] 17:33:20 Server starter
[INFO] 17:35:16 Server starter
[INFO] 17:35:41 Server starter
[INFO] 17:38:23 Server starter
[INFO] 17:41:32 Server starter
[INFO] 17:42:47 Server starter
[INFO] 17:43:37 Server starter
[INFO] 17:47:45 Server starter
[INFO] 17:49:40 Server starter
[INFO] 17:50:31 Server starter
[INFO] 17:50:51 Server starter
[INFO] 17:51:54 Server starter
[INFO] 17:52:28 Server starter
[INFO] 17:53:04 Server starter
[INFO] 17:53:42 Server starter
[INFO] 17:55:24 Server starter
[INFO] 17:56:07 Server starter
[INFO] 18:01:17 Server starter
[INFO] 18:02:35 Server starter
[INFO] 18:47:37 Server starter
[INFO] 18:50:43 Server starter
[INFO] 18:52:32 Server starter
[INFO] 18:54:00 Server starter
[INFO] 18:57:42 Server starter
[INFO] 19:06:04 Server starter
[INFO] 19:06:55 Server starter
[INFO] 21:19:49 Server starter
[INFO] 21:21:13 Server starter
[INFO] 21:21:59 Server starter
[INFO] 21:25:10 Server starter
[INFO] 21:35:55 Server starter
[INFO] 21:36:18 Server starter
[INFO] 21:38:28 Server starter
[INFO] 21:39:03 Server starter
[INFO] 21:42:57 Server starter
[INFO] 21:43:21 Server starter
[INFO] 22:06:07 Server starter
[INFO] 00:28:54 Server starter
[INFO] 00:30:13 Server starter
[INFO] 00:34:26 Server starter
[INFO] 00:38:46 Server starter
[INFO] 00:39:39 Server starter
[INFO] 00:40:11 Server starter
[INFO] 00:43:26 Server starter
[INFO] 23:11:12 Server starter
[INFO] 23:15:12 Server starter
[INFO] 00:28:19 Server starter
[INFO] 00:28:35 Server starter
[INFO] 00:29:36 Server starter
[INFO] 00:31:46 Server starter
[INFO] 00:33:43 Server starter
[INFO] 00:38:01 Server starter
[INFO] 00:43:02 Server starter
[INFO] 00:44:34 Server starter
[INFO] 00:45:07 Server starter
[INFO] 00:46:20 Server starter
[INFO] 00:47:08 Server starter
[INFO] 00:48:45 Server starter
[INFO] 00:51:30 Server starter
[INFO] 00:56:08 Server starter
[INFO] 00:58:40 Server starter
[INFO] 00:59:57 Server starter
[INFO] 01:00:17 Server starter
[INFO] 01:08:15 Server starter
[INFO] 01:10:15 Server starter
[INFO] 01:26:31 Server starter
[INFO] 01:27:04 Server starter
[INFO] 01:27:38 Server starter
[INFO] 01:28:26 Server starter
[INFO] 01:31:31 Server starter
[INFO] 01:37:18 Server starter
[INFO] 01:37:58 Server starter
[INFO] 01:39:05 Server starter
[INFO] 01:41:45 Server starter
[INFO] 01:53:26 Server starter
[INFO] 01:54:44 Server starter
[INFO] 01:58:10 Server starter
[INFO] 02:03:50 Server starter
[ERROR] 02:03:50 ru.netology.backend.advice.ErrorMessage@179b53ab
[ERROR] 02:03:50 ru.netology.backend.advice.ErrorMessage@19107842
[INFO] 02:27:44 Server starter
[INFO] 02:46:26 Server starter
[ERROR] 02:46:26 ru.netology.backend.advice.ErrorMessage@218fca48
[INFO] 02:47:07 Server starter
[INFO] 02:48:05 Server starter
[INFO] 02:49:50 Server starter
[INFO] 02:50:08 Server starter
[INFO] 03:07:11 Server starter
[INFO] 03:11:43 Server starter
[INFO] 03:12:18 Server starter
[INFO] 03:13:10 Server starter
[INFO] 03:15:03 Server starter
[INFO] 03:15:21 Server starter
[INFO] 03:15:55 Server starter
[INFO] 03:16:45 Server starter
[INFO] 03:19:19 Server starter
[INFO] 03:22:21 Server starter
[INFO] 03:38:45 Server starter
[INFO] 03:39:10 Server starter
[INFO] 03:39:22 Server starter
[INFO] 03:40:05 Server starter
[INFO] 03:41:48 Server starter
[INFO] 03:42:06 Server starter
[INFO] 03:46:45 Server starter
[INFO] 03:47:19 Server starter
[INFO] 03:51:13 Server starter
[ERROR] 03:51:13 ru.netology.backend.advice.ErrorMessage@2bed0d36
[INFO] 14:47:04 Server starter
[INFO] 14:53:09 Server starter
[INFO] 14:57:56 Server starter
[INFO] 14:58:23 Server starter
[INFO] 14:58:38 Server starter
[INFO] 15:02:29 Server starter
[INFO] 15:03:01 Server starter
[INFO] 15:03:41 Server starter
[INFO] 15:12:34 Server starter
[INFO] 15:17:55 Server starter
[INFO] 15:18:30 Server starter
[INFO] 15:20:19 Server starter
[INFO] 15:21:01 Server starter
[INFO] 15:21:30 Server starter
[INFO] 15:21:52 Server starter
[INFO] 15:30:51 Server starter
[INFO] 15:31:09 Server starter
[INFO] 15:36:40 Server starter
[INFO] 15:36:58 Server starter
[INFO] 15:37:30 Server starter
[INFO] 15:42:58 Server starter
[INFO] 15:43:47 Server starter
[INFO] 15:52:49 Server starter
[INFO] 15:54:45 Server starter
[INFO] 15:55:05 Server starter
[INFO] 15:55:31 Server starter
[INFO] 15:56:00 Server starter
[INFO] 15:57:05 Server starter
[INFO] 15:57:47 Server starter
[INFO] 16:13:57 Server starter
[INFO] 16:14:13 Server starter
[INFO] 16:14:26 Server starter
[INFO] 16:16:28 Server starter
[INFO] 16:32:37 Server starter
[INFO] 16:36:04 Server starter
[INFO] 16:38:57 Server starter
[INFO] 16:39:45 Server starter
[INFO] 16:45:32 Server starter
[ERROR] 16:45:32 ru.netology.backend.advice.ErrorMessage@5ab13b01
[INFO] 16:47:08 Server starter
[INFO] 21:34:30 Server starter
[INFO] 21:36:32 Server starter
[ERROR] 21:36:32 Вам не удалось загрузить null/learn_process5.svgошибка files\null\learn_process5.svg (Системе не удается найти указанный путь)
[INFO] 21:37:50 Server starter
[INFO] 21:38:12 Server starter
[ERROR] 21:38:12 Вам не удалось загрузить null/learn_process1.svgошибка files\null\learn_process1.svg (Системе не удается найти указанный путь)
[INFO] 21:38:51 Server starter
[ERROR] 21:38:51 Вам не удалось загрузить null/learn_process2.svgошибка files\null\learn_process2.svg (Системе не удается найти указанный путь)
[ERROR] 21:38:51 ru.netology.backend.advice.ErrorMessage@5619bdcf
[ERROR] 21:38:51 Вам не удалось загрузить user1/learn_process2.svgошибка files\user1\learn_process2.svg (Системе не удается найти указанный путь)
[INFO] 21:42:44 Server starter
[INFO] 21:47:12 Server starter
[INFO] 21:47:57 Server starter
[INFO] 21:48:35 Server starter
[INFO] 22:15:29 Server starter
[INFO] 22:16:30 Server starter
[INFO] 22:18:49 Server starter
[INFO] 22:23:45 Server starter
[INFO] 22:24:19 Server starter
[INFO] 22:24:33 Server starter
[INFO] 22:25:18 Server starter
[INFO] 22:48:20 Server starter
[INFO] 22:49:40 Server starter
[INFO] 22:50:16 Server starter
[INFO] 22:50:43 Server starter
[INFO] 22:51:08 Server starter
[INFO] 22:54:08 Server starter
[INFO] 22:56:01 Server starter
[INFO] 22:58:49 Server starter
[INFO] 22:59:19 Server starter
[INFO] 23:01:03 Server starter
[INFO] 23:05:39 Server starter
[INFO] 23:06:14 Server starter
[INFO] 23:08:19 Server starter
[INFO] 23:11:11 Server starter
[INFO] 23:13:36 Server starter
[INFO] 23:14:07 Server starter
[INFO] 23:14:44 Server starter
[INFO] 14:42:27 Server starter
[INFO] 15:14:22 Server starter
[INFO] 15:15:57 Server starter
[INFO] 15:17:32 Server starter
[INFO] 15:17:48 Server starter
[INFO] 15:18:19 Server starter
[INFO] 15:18:50 Server starter
[INFO] 15:19:36 Server starter
[INFO] 15:20:22 Server starter
[INFO] 15:22:56 Server starter
[INFO] 15:23:26 Server starter
[INFO] 15:26:22 Server starter
[INFO] 15:26:35 Server starter
[INFO] 15:42:13 Server starter
[INFO] 15:44:28 Server starter
[INFO] 15:49:53 Server starter
[INFO] 15:51:00 Server starter
[INFO] 15:53:13 Server starter
[INFO] 15:54:06 Server starter
[INFO] 15:54:47 Server starter
[INFO] 15:55:20 Server starter
[INFO] 15:55:36 Server starter
[INFO] 16:01:47 Server starter
[INFO] 16:56:16 Server starter
[INFO] 17:01:45 Server starter
[INFO] 17:07:10 Server starter
[INFO] 18:08:17 Server starter
[INFO] 18:10:23 Server starter
[ERROR] 18:10:23 ru.netology.backend.advice.ErrorMessage@53efc392
[INFO] 18:10:37 Server starter
[ERROR] 18:10:37 ru.netology.backend.advice.ErrorMessage@2f427259
[INFO] 18:11:23 Server starter
[INFO] 18:11:43 Server starter
[ERROR] 18:11:43 ru.netology.backend.advice.ErrorMessage@7375ddfa
[INFO] 18:12:49 Server starter
[ERROR] 18:12:49 ru.netology.backend.advice.ErrorMessage@78bd5a6b
[ERROR] 18:12:49 ru.netology.backend.advice.ErrorMessage@f897bab
[INFO] 18:13:27 Server starter
[ERROR] 18:13:27 ru.netology.backend.advice.ErrorMessage@2f427259
[INFO] 18:14:03 Server starter
[ERROR] 18:14:03 ru.netology.backend.advice.ErrorMessage@13ac4d1f
[INFO] 18:28:13 Server starter
[ERROR] 18:28:13 ru.netology.backend.advice.ErrorMessage@2fbcfd0
[INFO] 18:29:04 Server starter
[ERROR] 18:29:04 ru.netology.backend.advice.ErrorMessage@2fbcfd0
[INFO] 18:35:49 Server starter
[INFO] 18:43:54 Server starter
[INFO] 20:19:23 Server starter
[INFO] 20:19:23 authenticated user with login :{}user1
[INFO] 20:19:23 authenticated user with login :{}user1
[INFO] 20:19:23 authenticated user with login :{}user1
[INFO] 20:19:23 authenticated user with login :{}user1
[INFO] 20:19:23 Успешно получен список файлов для пользователя 1
[INFO] 20:19:23 authenticated user with login :{}user1
[INFO] 20:19:23 Фаил успешно загружен learn_process3.svg
[INFO] 20:19:23 authenticated user with login :{}user1
[INFO] 20:19:23 Успешно получен список файлов для пользователя 1
[INFO] 20:19:23 authenticated user with login :{}user1
[INFO] 20:19:23 Фаил успешно загружен learn_process5.svg
[INFO] 20:19:23 authenticated user with login :{}user1
[INFO] 20:19:23 Успешно получен список файлов для пользователя 1
[INFO] 20:19:23 authenticated user with login :{}user1
[INFO] 20:19:23 authenticated user with login :{}user1
[INFO] 20:19:23 authenticated user with login :{}user1
[INFO] 20:19:23 Фаил успешно удален learn_process2.svg
[INFO] 20:19:23 Фаил успешно удален learn_process5.svg
[INFO] 20:19:23 Фаил успешно удален learn_process3.svg
[INFO] 20:19:23 authenticated user with login :{}user1
[INFO] 20:19:23 Успешно получен список файлов для пользователя 1
[INFO] 20:19:23 authenticated user with login :{}user1
[INFO] 20:19:23 authenticated user with login :{}user1
[INFO] 20:19:23 authenticated user with login :{}user1
[INFO] 20:19:23 authenticated user with login :{}user1
[INFO] 20:19:23 authenticated user with login :{}user1
[INFO] 20:19:23 Успешно получен список файлов для пользователя 1
[INFO] 20:19:23 authenticated user with login :{}user1
[INFO] 20:19:23 Фаил успешно загружен learn_process4.svg
[INFO] 20:19:23 authenticated user with login :{}user1
[INFO] 20:19:23 Успешно получен список файлов для пользователя 1
[INFO] 20:19:23 authenticated user with login :{}user1
[INFO] 20:19:23 Фаил успешно удален learn_process4.svg
[INFO] 20:19:23 authenticated user with login :{}user1
[INFO] 20:19:23 Успешно получен список файлов для пользователя 1
[INFO] 20:19:23 authenticated user with login :{}user1
[INFO] 20:19:23 Фаил успешно загружен learn_process3.svg
[INFO] 20:19:23 authenticated user with login :{}user1
[INFO] 20:19:23 Успешно получен список файлов для пользователя 1
[INFO] 20:19:23 authenticated user with login :{}user1
[INFO] 20:19:23 Фаил успешно загружен learn_process5.svg
[INFO] 20:19:23 authenticated user with login :{}user1
[INFO] 20:19:23 Успешно получен список файлов для пользователя 1
[INFO] 20:19:23 authenticated user with login :{}user1
[INFO] 20:19:23 authenticated user with login :{}user1
[INFO] 20:19:23 Фаил успешно удален learn_process3.svg
[INFO] 20:19:23 Фаил успешно удален learn_process5.svg
[INFO] 20:19:23 authenticated user with login :{}user1
[INFO] 20:19:23 Успешно получен список файлов для пользователя 1
[INFO] 20:19:23 authenticated user with login :{}user1
[INFO] 20:19:23 authenticated user with login :{}user1
[INFO] 20:25:15 Server starter
[INFO] 20:25:15 authenticated user with login :{}user1
[INFO] 20:25:15 authenticated user with login :{}user1
[INFO] 20:25:15 authenticated user with login :{}user1
[INFO] 20:25:15 authenticated user with login :{}user1
[INFO] 20:25:15 Фаил успешно загружен learn_process3.svg
[INFO] 20:25:15 authenticated user with login :{}user1
[INFO] 20:27:27 Server starter
[INFO] 20:27:27 authenticated user with login :{}user1
[INFO] 20:27:27 authenticated user with login :{}user1
[INFO] 20:27:27 Успешно получен список файлов для пользователя 1
[INFO] 20:27:27 authenticated user with login :{}user1
[INFO] 20:27:27 Фаил успешно удален learn_process3.svg
[INFO] 20:27:27 authenticated user with login :{}user1
[INFO] 20:27:27 Успешно получен список файлов для пользователя 1
[INFO] 20:27:27 authenticated user with login :{}user1
[INFO] 20:27:27 Фаил успешно загружен learn_process5.svg
[INFO] 20:27:27 authenticated user with login :{}user1
[INFO] 20:27:27 Успешно получен список файлов для пользователя 1
[INFO] 20:27:27 authenticated user with login :{}user1
[INFO] 20:27:27 Фаил успешно загружен learn_process3.svg
[INFO] 20:27:27 authenticated user with login :{}user1
[INFO] 20:27:27 Успешно получен список файлов для пользователя 1
[INFO] 20:27:27 authenticated user with login :{}user1
[INFO] 20:27:27 authenticated user with login :{}user1
[INFO] 20:27:27 Фаил успешно удален learn_process5.svg
[INFO] 20:27:27 Фаил успешно удален learn_process3.svg
[INFO] 20:27:27 authenticated user with login :{}user1
[INFO] 20:27:27 authenticated user with login :{}user1
[INFO] 20:27:27 authenticated user with login :{}user1
[INFO] 20:27:27 authenticated user with login :{}user1
[INFO] 20:27:27 Успешно получен список файлов для пользователя 1
[INFO] 20:27:27 authenticated user with login :{}user1
[INFO] 20:27:27 Фаил успешно загружен learn_process4.svg
[INFO] 20:27:27 authenticated user with login :{}user1
[INFO] 20:27:27 Успешно получен список файлов для пользователя 1
[INFO] 20:33:31 Server starter
[INFO] 20:33:31 authenticated user with login :{}user1
[INFO] 20:33:31 authenticated user with login :{}user1
[INFO] 20:33:31 Успешно получен список файлов для пользователя 1
[INFO] 20:33:31 authenticated user with login :{}user1
[INFO] 20:34:28 Server starter
[INFO] 20:34:28 authenticated user with login :{}user1
[INFO] 20:34:28 Успешно получен список файлов для пользователя 1
[INFO] 20:34:28 authenticated user with login :{}user1
[INFO] 20:34:49 Server starter
[INFO] 20:34:49 authenticated user with login :{}user1
[INFO] 20:34:49 Успешно получен список файлов для пользователя 1
[INFO] 20:34:49 authenticated user with login :{}user1
[INFO] 20:36:59 Server starter
[INFO] 20:36:59 authenticated user with login :{}user1
[INFO] 20:36:59 Успешно получен список файлов для пользователя 1
[INFO] 20:36:59 authenticated user with login :{}user1
[INFO] 20:37:48 Server starter
[INFO] 20:37:48 authenticated user with login :{}user1
[INFO] 20:37:48 Успешно получен список файлов для пользователя 1
[INFO] 20:37:48 authenticated user with login :{}user1
[INFO] 20:41:47 Server starter
[INFO] 20:41:47 authenticated user with login :{}user1
[INFO] 20:41:47 Успешно получен список файлов для пользователя 1
[INFO] 20:41:47 authenticated user with login :{}user1
[INFO] 23:37:30 Server starter
[INFO] 00:02:23 Server starter
